[INFO ] 2020-04-15 14:29:28.472 [main] TC_LoginTest_001 - ************starting TC_LoginTest_001****************
[INFO ] 2020-04-15 14:29:29.793 [main] TC_LoginTest_001 - ********providing logging details*******
[INFO ] 2020-04-15 14:29:30.082 [main] TC_LoginTest_001 - ************clicking on the login button****************
[INFO ] 2020-04-15 14:29:32.521 [main] TC_LoginTest_001 - ************login validation****************
[INFO ] 2020-04-15 14:29:32.521 [main] TC_LoginTest_001 - ************login test passed****************
[INFO ] 2020-04-15 15:21:05.103 [TestNG-tests-1] TC_LoginTest_001 - ************starting TC_LoginTest_001****************
[INFO ] 2020-04-15 15:21:06.891 [TestNG-tests-1] TC_LoginTest_001 - ********providing logging details*******
[INFO ] 2020-04-15 15:21:07.248 [TestNG-tests-1] TC_LoginTest_001 - ************clicking on the login button****************
[INFO ] 2020-04-15 15:21:07.573 [TestNG-tests-2] TC_LoginTest_001 - ************starting TC_LoginTest_001****************
[INFO ] 2020-04-15 15:21:08.997 [TestNG-tests-2] TC_LoginTest_001 - ********providing logging details*******
[INFO ] 2020-04-15 15:21:09.233 [TestNG-tests-2] TC_LoginTest_001 - ************clicking on the login button****************
[INFO ] 2020-04-15 15:21:10.789 [TestNG-tests-1] TC_LoginTest_001 - ************login validation****************
[INFO ] 2020-04-15 15:21:10.790 [TestNG-tests-1] TC_LoginTest_001 - ************login test passed****************
[INFO ] 2020-04-15 15:21:11.981 [TestNG-tests-2] TC_LoginTest_001 - ************login validation****************
[INFO ] 2020-04-15 15:21:11.981 [TestNG-tests-2] TC_LoginTest_001 - ************login test passed****************
[INFO ] 2020-04-15 15:32:17.404 [TestNG-tests-1] TC_LoginTest_001 - ************starting TC_LoginTest_001****************
[INFO ] 2020-04-15 15:32:17.833 [TestNG-tests-2] TC_LoginTest_001 - ************starting TC_LoginTest_001****************
[INFO ] 2020-04-15 15:32:19.065 [TestNG-tests-1] TC_LoginTest_001 - ********providing logging details*******
[INFO ] 2020-04-15 15:32:19.181 [TestNG-tests-2] TC_LoginTest_001 - ********providing logging details*******
[INFO ] 2020-04-15 15:32:19.327 [TestNG-tests-2] TC_LoginTest_001 - ************clicking on the login button****************
[INFO ] 2020-04-15 15:32:19.407 [TestNG-tests-1] TC_LoginTest_001 - ************clicking on the login button****************
[INFO ] 2020-04-15 15:32:22.364 [TestNG-tests-2] TC_LoginTest_001 - ************login validation****************
[INFO ] 2020-04-15 15:32:22.364 [TestNG-tests-2] TC_LoginTest_001 - ************login test passed****************
[INFO ] 2020-04-15 15:32:22.416 [TestNG-tests-1] TC_LoginTest_001 - ************login validation****************
[INFO ] 2020-04-15 15:32:22.416 [TestNG-tests-1] TC_LoginTest_001 - ************login test passed****************
[INFO ] 2020-04-15 15:36:38.718 [TestNG-tests-1] TC_LoginTest_001 - ************starting TC_LoginTest_001****************
[INFO ] 2020-04-15 15:36:39.678 [TestNG-tests-2] TC_LoginTest_001 - ************starting TC_LoginTest_001****************
[INFO ] 2020-04-15 15:36:40.495 [TestNG-tests-1] TC_LoginTest_001 - ********providing logging details*******
[INFO ] 2020-04-15 15:36:40.823 [TestNG-tests-1] TC_LoginTest_001 - ************clicking on the login button****************
[INFO ] 2020-04-15 15:36:41.394 [TestNG-tests-2] TC_LoginTest_001 - ********providing logging details*******
[INFO ] 2020-04-15 15:36:41.513 [TestNG-tests-2] TC_LoginTest_001 - ************clicking on the login button****************
[INFO ] 2020-04-15 15:36:43.114 [TestNG-tests-1] TC_LoginTest_001 - ************login validation****************
[INFO ] 2020-04-15 15:36:43.114 [TestNG-tests-1] TC_LoginTest_001 - ************login test passed****************
[INFO ] 2020-04-15 15:36:43.898 [TestNG-tests-2] TC_LoginTest_001 - ************login validation****************
[INFO ] 2020-04-15 15:36:43.898 [TestNG-tests-2] TC_LoginTest_001 - ************login test passed****************
[INFO ] 2020-04-15 16:20:19.370 [TestNG-tests-1] TC_LoginTest_001 - ************starting TC_LoginTest_001****************
[INFO ] 2020-04-15 16:20:20.204 [TestNG-tests-2] TC_LoginTest_001 - ************starting TC_LoginTest_001****************
[INFO ] 2020-04-15 16:20:21.005 [TestNG-tests-1] TC_LoginTest_001 - ********providing logging details*******
[INFO ] 2020-04-15 16:20:21.334 [TestNG-tests-1] TC_LoginTest_001 - ************clicking on the login button****************
[INFO ] 2020-04-15 16:20:22.088 [TestNG-tests-2] TC_LoginTest_001 - ********providing logging details*******
[INFO ] 2020-04-15 16:20:22.205 [TestNG-tests-2] TC_LoginTest_001 - ************clicking on the login button****************
[INFO ] 2020-04-15 16:20:25.019 [TestNG-tests-1] TC_LoginTest_001 - ************login validation****************
[ERROR] 2020-04-15 16:20:25.020 [TestNG-tests-1] TC_LoginTest_001 - ************login test failed****************
[INFO ] 2020-04-15 16:20:25.518 [TestNG-tests-2] TC_LoginTest_001 - ************login validation****************
[ERROR] 2020-04-15 16:20:25.519 [TestNG-tests-2] TC_LoginTest_001 - ************login test failed****************
[INFO ] 2020-04-15 16:30:36.177 [TestNG-tests-2] TC_LoginTest_001 - ************starting TC_LoginTest_001****************
[INFO ] 2020-04-15 16:30:37.126 [TestNG-tests-1] TC_LoginTest_001 - ************starting TC_LoginTest_001****************
[INFO ] 2020-04-15 16:30:37.964 [TestNG-tests-2] TC_LoginTest_001 - ********providing logging details*******
[INFO ] 2020-04-15 16:30:38.080 [TestNG-tests-2] TC_LoginTest_001 - ************clicking on the login button****************
[INFO ] 2020-04-15 16:30:38.934 [TestNG-tests-1] TC_LoginTest_001 - ********providing logging details*******
[INFO ] 2020-04-15 16:30:39.292 [TestNG-tests-1] TC_LoginTest_001 - ************clicking on the login button****************
[INFO ] 2020-04-15 16:30:41.747 [TestNG-tests-2] TC_LoginTest_001 - ************login validation****************
[ERROR] 2020-04-15 16:30:41.748 [TestNG-tests-2] TC_LoginTest_001 - ************login test failed****************
[INFO ] 2020-04-15 16:30:43.652 [TestNG-tests-1] TC_LoginTest_001 - ************login validation****************
[ERROR] 2020-04-15 16:30:43.652 [TestNG-tests-1] TC_LoginTest_001 - ************login test failed****************
[INFO ] 2020-04-15 16:42:27.778 [TestNG-tests-2] TC_LoginTest_001 - ************starting TC_LoginTest_001****************
[INFO ] 2020-04-15 16:42:28.802 [TestNG-tests-1] TC_LoginTest_001 - ************starting TC_LoginTest_001****************
[INFO ] 2020-04-15 16:42:29.552 [TestNG-tests-2] TC_LoginTest_001 - ********providing logging details*******
[INFO ] 2020-04-15 16:42:29.689 [TestNG-tests-2] TC_LoginTest_001 - ************clicking on the login button****************
[INFO ] 2020-04-15 16:42:30.568 [TestNG-tests-1] TC_LoginTest_001 - ********providing logging details*******
[INFO ] 2020-04-15 16:42:31.075 [TestNG-tests-1] TC_LoginTest_001 - ************clicking on the login button****************
[INFO ] 2020-04-15 16:42:33.258 [TestNG-tests-2] TC_LoginTest_001 - ************login validation****************
[ERROR] 2020-04-15 16:42:33.258 [TestNG-tests-2] TC_LoginTest_001 - ************login test failed****************
[INFO ] 2020-04-15 16:42:33.932 [TestNG-tests-1] TC_LoginTest_001 - ************login validation****************
[ERROR] 2020-04-15 16:42:33.932 [TestNG-tests-1] TC_LoginTest_001 - ************login test failed****************
[INFO ] 2020-04-15 16:46:10.013 [TestNG-tests-2] TC_LoginTest_001 - ************starting TC_LoginTest_001****************
[INFO ] 2020-04-15 16:46:11.473 [TestNG-tests-1] TC_LoginTest_001 - ************starting TC_LoginTest_001****************
[INFO ] 2020-04-15 16:46:12.224 [TestNG-tests-2] TC_LoginTest_001 - ********providing logging details*******
[INFO ] 2020-04-15 16:46:12.528 [TestNG-tests-2] TC_LoginTest_001 - ************clicking on the login button****************
[INFO ] 2020-04-15 16:46:14.254 [TestNG-tests-1] TC_LoginTest_001 - ********providing logging details*******
[INFO ] 2020-04-15 16:46:14.592 [TestNG-tests-1] TC_LoginTest_001 - ************clicking on the login button****************
[INFO ] 2020-04-15 16:46:18.132 [TestNG-tests-2] TC_LoginTest_001 - ************login validation****************
[ERROR] 2020-04-15 16:46:18.133 [TestNG-tests-2] TC_LoginTest_001 - ************login test failed****************
[INFO ] 2020-04-15 16:46:19.633 [TestNG-tests-1] TC_LoginTest_001 - ************login validation****************
[ERROR] 2020-04-15 16:46:19.633 [TestNG-tests-1] TC_LoginTest_001 - ************login test failed****************
[INFO ] 2020-04-15 16:48:55.543 [TestNG-tests-2] TC_LoginTest_001 - ************starting TC_LoginTest_001****************
[INFO ] 2020-04-15 16:48:56.949 [TestNG-tests-1] TC_LoginTest_001 - ************starting TC_LoginTest_001****************
[INFO ] 2020-04-15 16:48:57.889 [TestNG-tests-2] TC_LoginTest_001 - ********providing logging details*******
[INFO ] 2020-04-15 16:48:58.026 [TestNG-tests-2] TC_LoginTest_001 - ************clicking on the login button****************
[INFO ] 2020-04-15 16:48:58.109 [TestNG-tests-1] TC_LoginTest_001 - ********providing logging details*******
[INFO ] 2020-04-15 16:48:58.421 [TestNG-tests-1] TC_LoginTest_001 - ************clicking on the login button****************
[INFO ] 2020-04-15 16:49:01.559 [TestNG-tests-2] TC_LoginTest_001 - ************login validation****************
[ERROR] 2020-04-15 16:49:01.559 [TestNG-tests-2] TC_LoginTest_001 - ************login test failed****************
[INFO ] 2020-04-15 16:49:02.052 [TestNG-tests-1] TC_LoginTest_001 - ************login validation****************
[ERROR] 2020-04-15 16:49:02.052 [TestNG-tests-1] TC_LoginTest_001 - ************login test failed****************
[INFO ] 2020-04-15 16:55:20.627 [TestNG-tests-2] TC_LoginTest_001 - ************starting TC_LoginTest_001****************
[INFO ] 2020-04-15 16:55:21.566 [TestNG-tests-1] TC_LoginTest_001 - ************starting TC_LoginTest_001****************
[INFO ] 2020-04-15 16:55:22.847 [TestNG-tests-2] TC_LoginTest_001 - ********providing logging details*******
[INFO ] 2020-04-15 16:55:22.935 [TestNG-tests-1] TC_LoginTest_001 - ********providing logging details*******
[INFO ] 2020-04-15 16:55:23.000 [TestNG-tests-2] TC_LoginTest_001 - ************clicking on the login button****************
[INFO ] 2020-04-15 16:55:23.342 [TestNG-tests-1] TC_LoginTest_001 - ************clicking on the login button****************
[INFO ] 2020-04-15 16:55:27.812 [TestNG-tests-1] TC_LoginTest_001 - ************login validation****************
[ERROR] 2020-04-15 16:55:27.813 [TestNG-tests-1] TC_LoginTest_001 - ************login test failed****************
[INFO ] 2020-04-15 16:55:28.386 [TestNG-tests-2] TC_LoginTest_001 - ************login validation****************
[ERROR] 2020-04-15 16:55:28.386 [TestNG-tests-2] TC_LoginTest_001 - ************login test failed****************
[INFO ] 2020-04-15 16:57:23.043 [TestNG-tests-2] TC_LoginTest_001 - ************starting TC_LoginTest_001****************
[INFO ] 2020-04-15 16:57:23.898 [TestNG-tests-1] TC_LoginTest_001 - ************starting TC_LoginTest_001****************
[INFO ] 2020-04-15 16:57:25.077 [TestNG-tests-1] TC_LoginTest_001 - ********providing logging details*******
[INFO ] 2020-04-15 16:57:25.356 [TestNG-tests-2] TC_LoginTest_001 - ********providing logging details*******
[INFO ] 2020-04-15 16:57:25.405 [TestNG-tests-1] TC_LoginTest_001 - ************clicking on the login button****************
[INFO ] 2020-04-15 16:57:25.483 [TestNG-tests-2] TC_LoginTest_001 - ************clicking on the login button****************
[INFO ] 2020-04-15 16:57:28.542 [TestNG-tests-1] TC_LoginTest_001 - ************login validation****************
[ERROR] 2020-04-15 16:57:28.542 [TestNG-tests-1] TC_LoginTest_001 - ************login test failed****************
[INFO ] 2020-04-15 16:57:29.640 [TestNG-tests-2] TC_LoginTest_001 - ************login validation****************
[ERROR] 2020-04-15 16:57:29.640 [TestNG-tests-2] TC_LoginTest_001 - ************login test failed****************
[INFO ] 2020-04-15 17:00:28.184 [TestNG-tests-2] TC_LoginTest_001 - ************starting TC_LoginTest_001****************
[INFO ] 2020-04-15 17:00:29.156 [TestNG-tests-1] TC_LoginTest_001 - ************starting TC_LoginTest_001****************
[INFO ] 2020-04-15 17:00:30.173 [TestNG-tests-2] TC_LoginTest_001 - ********providing logging details*******
[INFO ] 2020-04-15 17:00:30.293 [TestNG-tests-2] TC_LoginTest_001 - ************clicking on the login button****************
[INFO ] 2020-04-15 17:00:30.824 [TestNG-tests-1] TC_LoginTest_001 - ********providing logging details*******
[INFO ] 2020-04-15 17:00:31.140 [TestNG-tests-1] TC_LoginTest_001 - ************clicking on the login button****************
[INFO ] 2020-04-15 17:00:34.449 [TestNG-tests-2] TC_LoginTest_001 - ************login validation****************
[ERROR] 2020-04-15 17:00:34.449 [TestNG-tests-2] TC_LoginTest_001 - ************login test failed****************
[INFO ] 2020-04-15 17:00:34.570 [TestNG-tests-1] TC_LoginTest_001 - ************login validation****************
[ERROR] 2020-04-15 17:00:34.571 [TestNG-tests-1] TC_LoginTest_001 - ************login test failed****************
[INFO ] 2020-04-15 17:06:40.157 [TestNG-tests-2] TC_LoginTest_001 - ************starting TC_LoginTest_001****************
[INFO ] 2020-04-15 17:06:41.062 [TestNG-tests-1] TC_LoginTest_001 - ************starting TC_LoginTest_001****************
[INFO ] 2020-04-15 17:06:42.821 [TestNG-tests-2] TC_LoginTest_001 - ********providing logging details*******
[INFO ] 2020-04-15 17:06:42.899 [TestNG-tests-1] TC_LoginTest_001 - ********providing logging details*******
[INFO ] 2020-04-15 17:06:42.970 [TestNG-tests-2] TC_LoginTest_001 - ************clicking on the login button****************
[INFO ] 2020-04-15 17:06:43.367 [TestNG-tests-1] TC_LoginTest_001 - ************clicking on the login button****************
[INFO ] 2020-04-15 17:06:46.878 [TestNG-tests-2] TC_LoginTest_001 - ************login validation****************
[ERROR] 2020-04-15 17:06:46.879 [TestNG-tests-2] TC_LoginTest_001 - ************login test failed****************
[INFO ] 2020-04-15 17:06:48.209 [TestNG-tests-1] TC_LoginTest_001 - ************login validation****************
[ERROR] 2020-04-15 17:06:48.209 [TestNG-tests-1] TC_LoginTest_001 - ************login test failed****************
[INFO ] 2020-04-16 10:26:04.195 [TestNG-tests-2] TC_LoginTest_001 - ************starting TC_LoginTest_001****************
[INFO ] 2020-04-16 10:26:04.891 [TestNG-tests-1] TC_LoginTest_001 - ************starting TC_LoginTest_001****************
[INFO ] 2020-04-16 10:26:05.925 [TestNG-tests-2] TC_LoginTest_001 - ********providing logging details*******
[INFO ] 2020-04-16 10:26:06.030 [TestNG-tests-1] TC_LoginTest_001 - ********providing logging details*******
[INFO ] 2020-04-16 10:26:06.064 [TestNG-tests-2] TC_LoginTest_001 - ************clicking on the login button****************
[INFO ] 2020-04-16 10:26:06.563 [TestNG-tests-1] TC_LoginTest_001 - ************clicking on the login button****************
[INFO ] 2020-04-16 10:26:09.113 [TestNG-tests-2] TC_LoginTest_001 - ************login validation****************
[ERROR] 2020-04-16 10:26:09.114 [TestNG-tests-2] TC_LoginTest_001 - ************login test failed****************
[INFO ] 2020-04-16 10:26:09.991 [TestNG-tests-1] TC_LoginTest_001 - ************login validation****************
[ERROR] 2020-04-16 10:26:09.991 [TestNG-tests-1] TC_LoginTest_001 - ************login test failed****************
[INFO ] 2020-04-16 10:28:31.109 [TestNG-tests-2] TC_LoginTest_001 - ************starting TC_LoginTest_001****************
[INFO ] 2020-04-16 10:28:32.448 [TestNG-tests-1] TC_LoginTest_001 - ************starting TC_LoginTest_001****************
[INFO ] 2020-04-16 10:28:32.503 [TestNG-tests-2] TC_LoginTest_001 - ********providing logging details*******
[INFO ] 2020-04-16 10:28:32.634 [TestNG-tests-2] TC_LoginTest_001 - ************clicking on the login button****************
[INFO ] 2020-04-16 10:28:33.691 [TestNG-tests-1] TC_LoginTest_001 - ********providing logging details*******
[INFO ] 2020-04-16 10:28:34.063 [TestNG-tests-1] TC_LoginTest_001 - ************clicking on the login button****************
[INFO ] 2020-04-16 10:28:35.272 [TestNG-tests-2] TC_LoginTest_001 - ************login validation****************
[ERROR] 2020-04-16 10:28:35.273 [TestNG-tests-2] TC_LoginTest_001 - ************login test failed****************
[INFO ] 2020-04-16 10:28:36.748 [TestNG-tests-1] TC_LoginTest_001 - ************login validation****************
[ERROR] 2020-04-16 10:28:36.748 [TestNG-tests-1] TC_LoginTest_001 - ************login test failed****************
[INFO ] 2020-04-16 10:30:53.503 [TestNG-tests-2] TC_LoginTest_001 - ************starting TC_LoginTest_001****************
[INFO ] 2020-04-16 10:30:54.587 [TestNG-tests-1] TC_LoginTest_001 - ************starting TC_LoginTest_001****************
[INFO ] 2020-04-16 10:30:55.218 [TestNG-tests-2] TC_LoginTest_001 - ********providing logging details*******
[INFO ] 2020-04-16 10:30:55.332 [TestNG-tests-2] TC_LoginTest_001 - ************clicking on the login button****************
[INFO ] 2020-04-16 10:30:56.024 [TestNG-tests-1] TC_LoginTest_001 - ********providing logging details*******
[INFO ] 2020-04-16 10:30:56.328 [TestNG-tests-1] TC_LoginTest_001 - ************clicking on the login button****************
[INFO ] 2020-04-16 10:30:58.503 [TestNG-tests-2] TC_LoginTest_001 - ************login validation****************
[ERROR] 2020-04-16 10:30:58.503 [TestNG-tests-2] TC_LoginTest_001 - ************login test failed****************
[INFO ] 2020-04-16 10:30:59.254 [TestNG-tests-1] TC_LoginTest_001 - ************login validation****************
[ERROR] 2020-04-16 10:30:59.254 [TestNG-tests-1] TC_LoginTest_001 - ************login test failed****************
[INFO ] 2020-04-16 10:32:44.792 [TestNG-tests-2] TC_LoginTest_001 - ************starting TC_LoginTest_001****************
[INFO ] 2020-04-16 10:32:46.154 [TestNG-tests-1] TC_LoginTest_001 - ************starting TC_LoginTest_001****************
[INFO ] 2020-04-16 10:32:46.352 [TestNG-tests-2] TC_LoginTest_001 - ********providing logging details*******
[INFO ] 2020-04-16 10:32:46.470 [TestNG-tests-2] TC_LoginTest_001 - ************clicking on the login button****************
[INFO ] 2020-04-16 10:32:46.850 [TestNG-tests-1] TC_LoginTest_001 - ********providing logging details*******
[INFO ] 2020-04-16 10:32:47.133 [TestNG-tests-1] TC_LoginTest_001 - ************clicking on the login button****************
[INFO ] 2020-04-16 10:32:49.189 [TestNG-tests-2] TC_LoginTest_001 - ************login validation****************
[ERROR] 2020-04-16 10:32:49.190 [TestNG-tests-2] TC_LoginTest_001 - ************login test failed****************
[INFO ] 2020-04-16 10:32:49.339 [TestNG-tests-1] TC_LoginTest_001 - ************login validation****************
[ERROR] 2020-04-16 10:32:49.339 [TestNG-tests-1] TC_LoginTest_001 - ************login test failed****************
[INFO ] 2020-04-16 12:23:40.935 [TestNG-tests-2] TC_LoginTest_001 - ************starting TC_LoginTest_001****************
[INFO ] 2020-04-16 12:23:41.377 [TestNG-tests-1] TC_LoginTest_001 - ************starting TC_LoginTest_001****************
[INFO ] 2020-04-16 12:23:43.066 [TestNG-tests-1] TC_LoginTest_001 - ********providing logging details*******
[INFO ] 2020-04-16 12:23:43.066 [TestNG-tests-2] TC_LoginTest_001 - ********providing logging details*******
[INFO ] 2020-04-16 12:23:43.212 [TestNG-tests-2] TC_LoginTest_001 - ************clicking on the login button****************
[INFO ] 2020-04-16 12:23:43.415 [TestNG-tests-1] TC_LoginTest_001 - ************clicking on the login button****************
[INFO ] 2020-04-16 12:23:46.380 [TestNG-tests-2] TC_LoginTest_001 - ************login validation****************
[ERROR] 2020-04-16 12:23:46.381 [TestNG-tests-2] TC_LoginTest_001 - ************login test failed****************
[INFO ] 2020-04-16 12:23:47.169 [TestNG-tests-1] TC_LoginTest_001 - ************login validation****************
[ERROR] 2020-04-16 12:23:47.169 [TestNG-tests-1] TC_LoginTest_001 - ************login test failed****************
[INFO ] 2020-04-16 13:11:34.473 [TestNG-tests-2] TC_LoginTest_001 - ************starting TC_LoginTest_001****************
[INFO ] 2020-04-16 13:11:35.818 [TestNG-tests-1] TC_LoginTest_001 - ************starting TC_LoginTest_001****************
[INFO ] 2020-04-16 13:11:36.101 [TestNG-tests-2] TC_LoginTest_001 - ********providing logging details*******
[INFO ] 2020-04-16 13:11:36.215 [TestNG-tests-2] TC_LoginTest_001 - ************clicking on the login button****************
[INFO ] 2020-04-16 13:11:37.512 [TestNG-tests-1] TC_LoginTest_001 - ********providing logging details*******
[INFO ] 2020-04-16 13:11:37.927 [TestNG-tests-1] TC_LoginTest_001 - ************clicking on the login button****************
[INFO ] 2020-04-16 13:11:39.021 [TestNG-tests-2] TC_LoginTest_001 - ************login validation****************
[ERROR] 2020-04-16 13:11:39.022 [TestNG-tests-2] TC_LoginTest_001 - ************login test failed****************
[INFO ] 2020-04-16 13:11:40.611 [TestNG-tests-1] TC_LoginTest_001 - ************login validation****************
[ERROR] 2020-04-16 13:11:40.611 [TestNG-tests-1] TC_LoginTest_001 - ************login test failed****************
[INFO ] 2020-04-16 13:14:30.934 [TestNG-tests-2] TC_LoginTest_001 - ************starting TC_LoginTest_001****************
[INFO ] 2020-04-16 13:14:31.813 [TestNG-tests-1] TC_LoginTest_001 - ************starting TC_LoginTest_001****************
[INFO ] 2020-04-16 13:14:32.343 [TestNG-tests-2] TC_LoginTest_001 - ********providing logging details*******
[INFO ] 2020-04-16 13:14:32.465 [TestNG-tests-2] TC_LoginTest_001 - ************clicking on the login button****************
[INFO ] 2020-04-16 13:14:33.366 [TestNG-tests-1] TC_LoginTest_001 - ********providing logging details*******
[INFO ] 2020-04-16 13:14:33.968 [TestNG-tests-1] TC_LoginTest_001 - ************clicking on the login button****************
[INFO ] 2020-04-16 13:14:35.573 [TestNG-tests-2] TC_LoginTest_001 - ************login validation****************
[ERROR] 2020-04-16 13:14:35.574 [TestNG-tests-2] TC_LoginTest_001 - ************login test failed****************
[INFO ] 2020-04-16 13:14:36.329 [TestNG-tests-1] TC_LoginTest_001 - ************login validation****************
[ERROR] 2020-04-16 13:14:36.329 [TestNG-tests-1] TC_LoginTest_001 - ************login test failed****************
[INFO ] 2020-04-17 11:38:09.058 [TestNG-tests-2] TC_LoginTest_001 - ************starting TC_LoginTest_001****************
[INFO ] 2020-04-17 11:38:09.901 [TestNG-tests-1] TC_LoginTest_001 - ************starting TC_LoginTest_001****************
[INFO ] 2020-04-17 11:38:10.826 [TestNG-tests-2] TC_LoginTest_001 - ********providing logging details*******
[INFO ] 2020-04-17 11:38:10.951 [TestNG-tests-1] TC_LoginTest_001 - ********providing logging details*******
[INFO ] 2020-04-17 11:38:10.994 [TestNG-tests-2] TC_LoginTest_001 - ************clicking on the login button****************
[INFO ] 2020-04-17 11:38:11.307 [TestNG-tests-1] TC_LoginTest_001 - ************clicking on the login button****************
[INFO ] 2020-04-17 11:38:14.143 [TestNG-tests-2] TC_LoginTest_001 - ************login validation****************
[INFO ] 2020-04-17 11:38:14.144 [TestNG-tests-2] TC_LoginTest_001 - ************login test passed****************
[INFO ] 2020-04-17 11:38:15.164 [TestNG-tests-1] TC_LoginTest_001 - ************login validation****************
[INFO ] 2020-04-17 11:38:15.164 [TestNG-tests-1] TC_LoginTest_001 - ************login test passed****************
[INFO ] 2020-04-17 11:40:13.082 [TestNG-tests-1] TC_LoginTest_001 - ************starting TC_LoginTest_001****************
[INFO ] 2020-04-17 11:40:13.256 [TestNG-tests-2] TC_LoginTest_001 - ************starting TC_LoginTest_001****************
[INFO ] 2020-04-17 11:40:13.859 [TestNG-tests-1] TC_LoginTest_001 - ********providing logging details*******
[INFO ] 2020-04-17 11:40:14.269 [TestNG-tests-1] TC_LoginTest_001 - ************clicking on the login button****************
[INFO ] 2020-04-17 11:40:15.051 [TestNG-tests-2] TC_LoginTest_001 - ********providing logging details*******
[INFO ] 2020-04-17 11:40:15.185 [TestNG-tests-2] TC_LoginTest_001 - ************clicking on the login button****************
[INFO ] 2020-04-17 11:40:16.383 [TestNG-tests-1] TC_LoginTest_001 - ************login validation****************
[ERROR] 2020-04-17 11:40:16.384 [TestNG-tests-1] TC_LoginTest_001 - ************login test failed****************
[INFO ] 2020-04-17 11:40:17.902 [TestNG-tests-2] TC_LoginTest_001 - ************login validation****************
[ERROR] 2020-04-17 11:40:17.902 [TestNG-tests-2] TC_LoginTest_001 - ************login test failed****************
[INFO ] 2020-04-17 13:36:40.728 [TestNG-tests-1] TC_LoginTest_001 - ************starting TC_LoginTest_001****************
[INFO ] 2020-04-17 13:36:42.281 [TestNG-tests-1] TC_LoginTest_001 - ********providing logging details*******
[INFO ] 2020-04-17 13:36:42.580 [TestNG-tests-1] TC_LoginTest_001 - ************clicking on the login button****************
[INFO ] 2020-04-17 13:36:45.570 [TestNG-tests-1] TC_LoginTest_001 - ************login validation****************
[ERROR] 2020-04-17 13:36:45.571 [TestNG-tests-1] TC_LoginTest_001 - ************login test failed****************
[INFO ] 2020-04-17 13:36:53.496 [TestNG-tests-1] TC_LoginDDT_002 - ************starting TC_LoginDDT_002****************
[INFO ] 2020-04-17 13:36:57.694 [TestNG-tests-1] TC_LoginDDT_002 - *********Fineshed Test*************
[INFO ] 2020-04-17 13:36:57.696 [TestNG-tests-1] TC_LoginDDT_002 - ************starting TC_LoginDDT_002****************
[INFO ] 2020-04-17 13:37:04.359 [TestNG-tests-1] TC_LoginDDT_002 - ************starting TC_LoginDDT_002****************
[INFO ] 2020-04-17 13:37:10.802 [TestNG-tests-1] TC_LoginDDT_002 - ************starting TC_LoginDDT_002****************
[INFO ] 2020-04-17 13:41:25.904 [TestNG-tests-1] TC_LoginTest_001 - ************starting TC_LoginTest_001****************
[INFO ] 2020-04-17 13:41:27.533 [TestNG-tests-1] TC_LoginTest_001 - ********providing logging details*******
[INFO ] 2020-04-17 13:41:27.844 [TestNG-tests-1] TC_LoginTest_001 - ************clicking on the login button****************
[INFO ] 2020-04-17 13:41:30.469 [TestNG-tests-1] TC_LoginTest_001 - ************login validation****************
[ERROR] 2020-04-17 13:41:30.469 [TestNG-tests-1] TC_LoginTest_001 - ************login test failed****************
[INFO ] 2020-04-17 13:41:38.919 [TestNG-tests-1] TC_LoginDDT_002 - ************starting TC_LoginDDT_002****************
[INFO ] 2020-04-17 13:41:42.355 [TestNG-tests-1] TC_LoginDDT_002 - *********Fineshed Test*************
[INFO ] 2020-04-17 13:41:42.357 [TestNG-tests-1] TC_LoginDDT_002 - ************starting TC_LoginDDT_002****************
[INFO ] 2020-04-17 13:41:48.609 [TestNG-tests-1] TC_LoginDDT_002 - ************starting TC_LoginDDT_002****************
[INFO ] 2020-04-17 13:41:54.982 [TestNG-tests-1] TC_LoginDDT_002 - ************starting TC_LoginDDT_002****************
[INFO ] 2020-04-17 13:52:35.871 [TestNG-tests-1] TC_LoginTest_001 - ************starting TC_LoginTest_001****************
[INFO ] 2020-04-17 13:52:37.514 [TestNG-tests-1] TC_LoginTest_001 - ********providing logging details*******
[INFO ] 2020-04-17 13:52:37.812 [TestNG-tests-1] TC_LoginTest_001 - ************clicking on the login button****************
[INFO ] 2020-04-17 13:52:40.526 [TestNG-tests-1] TC_LoginTest_001 - ************login validation****************
[INFO ] 2020-04-17 13:52:40.526 [TestNG-tests-1] TC_LoginTest_001 - ************login test passed****************
[INFO ] 2020-04-17 13:52:49.080 [TestNG-tests-1] TC_LoginDDT_002 - ************starting TC_LoginDDT_002****************
[INFO ] 2020-04-17 13:52:52.785 [TestNG-tests-1] TC_LoginDDT_002 - *********Finished DDT Test*************
[INFO ] 2020-04-17 13:52:52.788 [TestNG-tests-1] TC_LoginDDT_002 - ************starting TC_LoginDDT_002****************
[INFO ] 2020-04-17 13:52:59.635 [TestNG-tests-1] TC_LoginDDT_002 - ************starting TC_LoginDDT_002****************
[INFO ] 2020-04-17 13:53:06.191 [TestNG-tests-1] TC_LoginDDT_002 - ************starting TC_LoginDDT_002****************
[INFO ] 2020-04-17 13:58:46.889 [TestNG-tests-1] TC_LoginTest_001 - ************starting TC_LoginTest_001****************
[INFO ] 2020-04-17 13:58:48.249 [TestNG-tests-1] TC_LoginTest_001 - ********providing logging details*******
[INFO ] 2020-04-17 13:58:48.542 [TestNG-tests-1] TC_LoginTest_001 - ************clicking on the login button****************
[INFO ] 2020-04-17 13:58:51.419 [TestNG-tests-1] TC_LoginTest_001 - ************login validation****************
[INFO ] 2020-04-17 13:58:51.419 [TestNG-tests-1] TC_LoginTest_001 - ************login test passed****************
[INFO ] 2020-04-17 13:59:00.199 [TestNG-tests-1] TC_LoginDDT_002 - ******************starting TC_LoginDDT_002***************************
[INFO ] 2020-04-17 13:59:00.922 [TestNG-tests-1] TC_LoginDDT_002 - ******************providing DDT login details************************
[INFO ] 2020-04-17 13:59:01.205 [TestNG-tests-1] TC_LoginDDT_002 - ******************clicking on DDT login*******************************
[INFO ] 2020-04-17 13:59:03.136 [TestNG-tests-1] TC_LoginDDT_002 - *******************validating DDT login***********************************
[INFO ] 2020-04-17 13:59:03.151 [TestNG-tests-1] TC_LoginDDT_002 - *********Finished DDT Test*************
[INFO ] 2020-04-17 13:59:03.153 [TestNG-tests-1] TC_LoginDDT_002 - ******************starting TC_LoginDDT_002***************************
[INFO ] 2020-04-17 13:59:04.498 [TestNG-tests-1] TC_LoginDDT_002 - ******************providing DDT login details************************
[INFO ] 2020-04-17 13:59:09.557 [TestNG-tests-1] TC_LoginDDT_002 - ******************starting TC_LoginDDT_002***************************
[INFO ] 2020-04-17 13:59:10.827 [TestNG-tests-1] TC_LoginDDT_002 - ******************providing DDT login details************************
[INFO ] 2020-04-17 13:59:15.905 [TestNG-tests-1] TC_LoginDDT_002 - ******************starting TC_LoginDDT_002***************************
[INFO ] 2020-04-17 13:59:17.111 [TestNG-tests-1] TC_LoginDDT_002 - ******************providing DDT login details************************
[INFO ] 2020-04-17 14:04:20.117 [TestNG-tests-1] TC_LoginTest_001 - ************starting TC_LoginTest_001****************
[INFO ] 2020-04-17 14:04:21.699 [TestNG-tests-1] TC_LoginTest_001 - ********providing logging details*******
[INFO ] 2020-04-17 14:04:21.987 [TestNG-tests-1] TC_LoginTest_001 - ************clicking on the login button****************
[INFO ] 2020-04-17 14:04:24.371 [TestNG-tests-1] TC_LoginTest_001 - ************login validation****************
[INFO ] 2020-04-17 14:04:24.371 [TestNG-tests-1] TC_LoginTest_001 - ************login test passed****************
[INFO ] 2020-04-17 14:04:32.868 [TestNG-tests-1] TC_LoginDDT_002 - ******************starting TC_LoginDDT_002***************************
[INFO ] 2020-04-17 14:04:34.465 [TestNG-tests-1] TC_LoginDDT_002 - ******************providing DDT login details************************
[INFO ] 2020-04-17 14:04:34.752 [TestNG-tests-1] TC_LoginDDT_002 - ******************clicking on DDT login*******************************
[INFO ] 2020-04-17 14:04:43.308 [TestNG-tests-1] TC_LoginDDT_002 - *******************validating DDT login***********************************
[INFO ] 2020-04-17 14:04:43.311 [TestNG-tests-1] TC_LoginDDT_002 - *********Finished DDT Test*************
[INFO ] 2020-04-17 14:04:43.311 [TestNG-tests-1] TC_LoginDDT_002 - ******************starting TC_LoginDDT_002***************************
[INFO ] 2020-04-17 14:04:45.479 [TestNG-tests-1] TC_LoginDDT_002 - ******************providing DDT login details************************
[INFO ] 2020-04-17 14:04:50.560 [TestNG-tests-1] TC_LoginDDT_002 - ******************starting TC_LoginDDT_002***************************
[INFO ] 2020-04-17 14:04:51.975 [TestNG-tests-1] TC_LoginDDT_002 - ******************providing DDT login details************************
[INFO ] 2020-04-17 14:04:57.048 [TestNG-tests-1] TC_LoginDDT_002 - ******************starting TC_LoginDDT_002***************************
[INFO ] 2020-04-17 14:04:58.290 [TestNG-tests-1] TC_LoginDDT_002 - ******************providing DDT login details************************
[INFO ] 2020-04-17 14:06:55.493 [TestNG-tests-1] TC_LoginTest_001 - ************starting TC_LoginTest_001****************
[INFO ] 2020-04-17 14:06:57.217 [TestNG-tests-1] TC_LoginTest_001 - ********providing logging details*******
[INFO ] 2020-04-17 14:06:57.557 [TestNG-tests-1] TC_LoginTest_001 - ************clicking on the login button****************
[INFO ] 2020-04-17 14:07:00.744 [TestNG-tests-1] TC_LoginTest_001 - ************login validation****************
[INFO ] 2020-04-17 14:07:00.745 [TestNG-tests-1] TC_LoginTest_001 - ************login test passed****************
[INFO ] 2020-04-17 14:07:09.344 [TestNG-tests-1] TC_LoginDDT_002 - ******************starting TC_LoginDDT_002***************************
[INFO ] 2020-04-17 14:07:10.320 [TestNG-tests-1] TC_LoginDDT_002 - ******************providing DDT login details************************
[INFO ] 2020-04-17 14:07:10.616 [TestNG-tests-1] TC_LoginDDT_002 - ******************clicking on DDT login*******************************
[INFO ] 2020-04-17 14:07:18.009 [TestNG-tests-1] TC_LoginDDT_002 - *******************validating DDT login***********************************
[INFO ] 2020-04-17 14:07:18.020 [TestNG-tests-1] TC_LoginDDT_002 - ***************Test Passed***************
[INFO ] 2020-04-17 14:07:18.902 [TestNG-tests-1] TC_LoginDDT_002 - *********Finished DDT Test*************
[INFO ] 2020-04-17 14:07:18.904 [TestNG-tests-1] TC_LoginDDT_002 - ******************starting TC_LoginDDT_002***************************
[INFO ] 2020-04-17 14:07:19.405 [TestNG-tests-1] TC_LoginDDT_002 - ******************providing DDT login details************************
[INFO ] 2020-04-17 14:07:19.670 [TestNG-tests-1] TC_LoginDDT_002 - ******************clicking on DDT login*******************************
[INFO ] 2020-04-17 14:07:25.124 [TestNG-tests-1] TC_LoginDDT_002 - *******************validating DDT login***********************************
[INFO ] 2020-04-17 14:07:25.126 [TestNG-tests-1] TC_LoginDDT_002 - ******************starting TC_LoginDDT_002***************************
[INFO ] 2020-04-17 14:07:25.658 [TestNG-tests-1] TC_LoginDDT_002 - ******************providing DDT login details************************
[INFO ] 2020-04-17 14:07:25.911 [TestNG-tests-1] TC_LoginDDT_002 - ******************clicking on DDT login*******************************
[INFO ] 2020-04-17 14:07:31.260 [TestNG-tests-1] TC_LoginDDT_002 - *******************validating DDT login***********************************
[INFO ] 2020-04-17 14:07:31.262 [TestNG-tests-1] TC_LoginDDT_002 - ******************starting TC_LoginDDT_002***************************
[INFO ] 2020-04-17 14:07:31.886 [TestNG-tests-1] TC_LoginDDT_002 - ******************providing DDT login details************************
[INFO ] 2020-04-17 14:07:32.142 [TestNG-tests-1] TC_LoginDDT_002 - ******************clicking on DDT login*******************************
[INFO ] 2020-04-17 14:07:37.467 [TestNG-tests-1] TC_LoginDDT_002 - *******************validating DDT login***********************************
[INFO ] 2020-04-17 14:40:31.975 [TestNG-tests-1] TC_LoginTest_001 - ************starting TC_LoginTest_001****************
[INFO ] 2020-04-17 14:40:33.519 [TestNG-tests-1] TC_LoginTest_001 - ********providing logging details*******
[INFO ] 2020-04-17 14:40:33.827 [TestNG-tests-1] TC_LoginTest_001 - ************clicking on the login button****************
[INFO ] 2020-04-17 14:40:37.210 [TestNG-tests-1] TC_LoginTest_001 - ************login validation****************
[INFO ] 2020-04-17 14:40:37.210 [TestNG-tests-1] TC_LoginTest_001 - ************login test passed****************
[INFO ] 2020-04-17 14:40:46.160 [TestNG-tests-1] TC_LoginDDT_002 - ******************starting TC_LoginDDT_002***************************
[INFO ] 2020-04-17 14:40:47.093 [TestNG-tests-1] TC_LoginDDT_002 - ******************providing DDT login details************************
[INFO ] 2020-04-17 14:40:47.698 [TestNG-tests-1] TC_LoginDDT_002 - ******************clicking on DDT login*******************************
[INFO ] 2020-04-17 14:40:55.346 [TestNG-tests-1] TC_LoginDDT_002 - *******************validating DDT login***********************************
[INFO ] 2020-04-17 14:40:55.361 [TestNG-tests-1] TC_LoginDDT_002 - ***************Test Passed***************
[INFO ] 2020-04-17 14:40:56.283 [TestNG-tests-1] TC_LoginDDT_002 - *********Finished DDT Test*************
[INFO ] 2020-04-17 14:40:56.285 [TestNG-tests-1] TC_LoginDDT_002 - ******************starting TC_LoginDDT_002***************************
[INFO ] 2020-04-17 14:40:56.843 [TestNG-tests-1] TC_LoginDDT_002 - ******************providing DDT login details************************
[INFO ] 2020-04-17 14:40:57.126 [TestNG-tests-1] TC_LoginDDT_002 - ******************clicking on DDT login*******************************
[INFO ] 2020-04-17 14:41:02.482 [TestNG-tests-1] TC_LoginDDT_002 - *******************validating DDT login***********************************
[INFO ] 2020-04-17 14:41:02.499 [TestNG-tests-1] TC_LoginDDT_002 - ******************starting TC_LoginDDT_002***************************
[INFO ] 2020-04-17 14:41:03.156 [TestNG-tests-1] TC_LoginDDT_002 - ******************providing DDT login details************************
[INFO ] 2020-04-17 14:41:03.631 [TestNG-tests-1] TC_LoginDDT_002 - ******************clicking on DDT login*******************************
[INFO ] 2020-04-17 14:41:09.274 [TestNG-tests-1] TC_LoginDDT_002 - *******************validating DDT login***********************************
[INFO ] 2020-04-17 14:41:09.295 [TestNG-tests-1] TC_LoginDDT_002 - ******************starting TC_LoginDDT_002***************************
[INFO ] 2020-04-17 14:41:09.923 [TestNG-tests-1] TC_LoginDDT_002 - ******************providing DDT login details************************
[INFO ] 2020-04-17 14:41:10.510 [TestNG-tests-1] TC_LoginDDT_002 - ******************clicking on DDT login*******************************
[INFO ] 2020-04-17 14:41:15.962 [TestNG-tests-1] TC_LoginDDT_002 - *******************validating DDT login***********************************
[INFO ] 2020-04-17 14:43:52.511 [TestNG-tests-1] TC_AddCustomerTest_003 - ***************   TC_AddCustomerTest_003 statred  *********** 
[INFO ] 2020-04-17 14:43:56.279 [TestNG-tests-1] TC_AddCustomerTest_003 - ***************  Providing customer details  *********** 
[INFO ] 2020-04-17 14:44:05.269 [TestNG-tests-1] TC_AddCustomerTest_003 - ***************  Customer added succesfully *********** 
[INFO ] 2020-04-17 14:44:05.271 [TestNG-tests-1] TC_AddCustomerTest_003 - ***************   TC_AddCustomerTest_003 Finished  *********** 
[INFO ] 2020-04-17 16:16:02.279 [TestNG-tests-1] TC_LoginTest_001 - ************starting TC_LoginTest_001****************
[INFO ] 2020-04-17 16:16:03.773 [TestNG-tests-1] TC_LoginTest_001 - ********providing logging details*******
[INFO ] 2020-04-17 16:16:04.092 [TestNG-tests-1] TC_LoginTest_001 - ************clicking on the login button****************
[INFO ] 2020-04-17 16:16:06.905 [TestNG-tests-1] TC_LoginTest_001 - ************login validation****************
[INFO ] 2020-04-17 16:16:06.905 [TestNG-tests-1] TC_LoginTest_001 - ************login test passed****************
[INFO ] 2020-04-17 16:16:15.708 [TestNG-tests-1] TC_LoginDDT_002 - ******************starting TC_LoginDDT_002***************************
[INFO ] 2020-04-17 16:16:16.774 [TestNG-tests-1] TC_LoginDDT_002 - ******************providing DDT login details************************
[INFO ] 2020-04-17 16:16:17.061 [TestNG-tests-1] TC_LoginDDT_002 - ******************clicking on DDT login*******************************
[INFO ] 2020-04-17 16:16:24.118 [TestNG-tests-1] TC_LoginDDT_002 - *******************validating DDT login***********************************
[INFO ] 2020-04-17 16:16:24.120 [TestNG-tests-1] TC_LoginDDT_002 - ***************Test Passed***************
[INFO ] 2020-04-17 16:16:25.420 [TestNG-tests-1] TC_LoginDDT_002 - *********Finished DDT Test*************
[INFO ] 2020-04-17 16:16:25.426 [TestNG-tests-1] TC_LoginDDT_002 - ******************starting TC_LoginDDT_002***************************
[INFO ] 2020-04-17 16:16:26.483 [TestNG-tests-1] TC_LoginDDT_002 - ******************providing DDT login details************************
[INFO ] 2020-04-17 16:16:26.755 [TestNG-tests-1] TC_LoginDDT_002 - ******************clicking on DDT login*******************************
[INFO ] 2020-04-17 16:16:32.140 [TestNG-tests-1] TC_LoginDDT_002 - *******************validating DDT login***********************************
[INFO ] 2020-04-17 16:16:32.143 [TestNG-tests-1] TC_LoginDDT_002 - ******************starting TC_LoginDDT_002***************************
[INFO ] 2020-04-17 16:16:32.709 [TestNG-tests-1] TC_LoginDDT_002 - ******************providing DDT login details************************
[INFO ] 2020-04-17 16:16:32.970 [TestNG-tests-1] TC_LoginDDT_002 - ******************clicking on DDT login*******************************
[INFO ] 2020-04-17 16:16:38.334 [TestNG-tests-1] TC_LoginDDT_002 - *******************validating DDT login***********************************
[INFO ] 2020-04-17 16:16:38.336 [TestNG-tests-1] TC_LoginDDT_002 - ******************starting TC_LoginDDT_002***************************
[INFO ] 2020-04-17 16:16:39.024 [TestNG-tests-1] TC_LoginDDT_002 - ******************providing DDT login details************************
[INFO ] 2020-04-17 16:16:39.273 [TestNG-tests-1] TC_LoginDDT_002 - ******************clicking on DDT login*******************************
[INFO ] 2020-04-17 16:16:44.618 [TestNG-tests-1] TC_LoginDDT_002 - *******************validating DDT login***********************************
[INFO ] 2020-04-17 16:16:53.951 [TestNG-tests-1] TC_AddCustomerTest_003 - ***************   TC_AddCustomerTest_003 statred  *********** 
[INFO ] 2020-04-17 16:16:56.128 [TestNG-tests-1] TC_AddCustomerTest_003 - ***************  Providing customer details  *********** 
[INFO ] 2020-04-17 16:17:04.622 [TestNG-tests-1] TC_AddCustomerTest_003 - ***************  Customer added succesfully *********** 
[INFO ] 2020-04-17 16:17:04.623 [TestNG-tests-1] TC_AddCustomerTest_003 - ***************   TC_AddCustomerTest_003 Finished  *********** 
[INFO ] 2020-04-21 12:34:15.008 [TestNG-tests-1] TC_LoginTest_001 - ************starting TC_LoginTest_001****************
[INFO ] 2020-04-21 12:34:16.377 [TestNG-tests-2] TC_LoginTest_001 - ************starting TC_LoginTest_001****************
[INFO ] 2020-04-21 12:34:16.415 [TestNG-tests-1] TC_LoginTest_001 - ********providing logging details*******
[INFO ] 2020-04-21 12:34:16.782 [TestNG-tests-1] TC_LoginTest_001 - ************clicking on the login button****************
[INFO ] 2020-04-21 12:34:17.912 [TestNG-tests-2] TC_LoginTest_001 - ********providing logging details*******
[INFO ] 2020-04-21 12:34:18.073 [TestNG-tests-2] TC_LoginTest_001 - ************clicking on the login button****************
[INFO ] 2020-04-21 12:34:20.015 [TestNG-tests-1] TC_LoginTest_001 - ************login validation****************
[INFO ] 2020-04-21 12:34:20.016 [TestNG-tests-1] TC_LoginTest_001 - ************login test passed****************
[INFO ] 2020-04-21 12:34:20.812 [TestNG-tests-2] TC_LoginTest_001 - ************login validation****************
[INFO ] 2020-04-21 12:34:20.812 [TestNG-tests-2] TC_LoginTest_001 - ************login test passed****************
[INFO ] 2020-04-21 12:34:28.909 [TestNG-tests-1] TC_LoginDDT_002 - ******************starting TC_LoginDDT_002***************************
[INFO ] 2020-04-21 12:34:29.315 [TestNG-tests-2] TC_LoginDDT_002 - ******************starting TC_LoginDDT_002***************************
[INFO ] 2020-04-21 12:34:30.128 [TestNG-tests-1] TC_LoginDDT_002 - ******************providing DDT login details************************
[INFO ] 2020-04-21 12:34:30.611 [TestNG-tests-1] TC_LoginDDT_002 - ******************clicking on DDT login*******************************
[INFO ] 2020-04-21 12:34:31.134 [TestNG-tests-2] TC_LoginDDT_002 - ******************providing DDT login details************************
[INFO ] 2020-04-21 12:34:31.258 [TestNG-tests-2] TC_LoginDDT_002 - ******************clicking on DDT login*******************************
[INFO ] 2020-04-21 12:34:38.126 [TestNG-tests-1] TC_LoginDDT_002 - *******************validating DDT login***********************************
[INFO ] 2020-04-21 12:34:38.142 [TestNG-tests-1] TC_LoginDDT_002 - ***************Test Passed***************
[INFO ] 2020-04-21 12:34:38.911 [TestNG-tests-2] TC_LoginDDT_002 - *******************validating DDT login***********************************
[INFO ] 2020-04-21 12:34:38.919 [TestNG-tests-2] TC_LoginDDT_002 - ***************Test Passed***************
[INFO ] 2020-04-21 12:34:39.409 [TestNG-tests-1] TC_LoginDDT_002 - *********Finished DDT Test*************
[INFO ] 2020-04-21 12:34:39.412 [TestNG-tests-1] TC_LoginDDT_002 - ******************starting TC_LoginDDT_002***************************
[INFO ] 2020-04-21 12:34:39.865 [TestNG-tests-2] TC_LoginDDT_002 - *********Finished DDT Test*************
[INFO ] 2020-04-21 12:34:39.869 [TestNG-tests-2] TC_LoginDDT_002 - ******************starting TC_LoginDDT_002***************************
[INFO ] 2020-04-21 12:34:39.934 [TestNG-tests-1] TC_LoginDDT_002 - ******************providing DDT login details************************
[INFO ] 2020-04-21 12:34:40.247 [TestNG-tests-1] TC_LoginDDT_002 - ******************clicking on DDT login*******************************
[INFO ] 2020-04-21 12:34:40.749 [TestNG-tests-2] TC_LoginDDT_002 - ******************providing DDT login details************************
[INFO ] 2020-04-21 12:34:40.866 [TestNG-tests-2] TC_LoginDDT_002 - ******************clicking on DDT login*******************************
[INFO ] 2020-04-21 12:34:45.634 [TestNG-tests-1] TC_LoginDDT_002 - *******************validating DDT login***********************************
[INFO ] 2020-04-21 12:34:45.654 [TestNG-tests-1] TC_LoginDDT_002 - ******************starting TC_LoginDDT_002***************************
[INFO ] 2020-04-21 12:34:46.268 [TestNG-tests-1] TC_LoginDDT_002 - ******************providing DDT login details************************
[INFO ] 2020-04-21 12:34:46.317 [TestNG-tests-2] TC_LoginDDT_002 - *******************validating DDT login***********************************
[INFO ] 2020-04-21 12:34:46.333 [TestNG-tests-2] TC_LoginDDT_002 - ******************starting TC_LoginDDT_002***************************
[INFO ] 2020-04-21 12:34:46.695 [TestNG-tests-1] TC_LoginDDT_002 - ******************clicking on DDT login*******************************
[INFO ] 2020-04-21 12:34:46.874 [TestNG-tests-2] TC_LoginDDT_002 - ******************providing DDT login details************************
[INFO ] 2020-04-21 12:34:46.988 [TestNG-tests-2] TC_LoginDDT_002 - ******************clicking on DDT login*******************************
[INFO ] 2020-04-21 12:34:51.991 [TestNG-tests-1] TC_LoginDDT_002 - *******************validating DDT login***********************************
[INFO ] 2020-04-21 12:34:52.013 [TestNG-tests-1] TC_LoginDDT_002 - ******************starting TC_LoginDDT_002***************************
[INFO ] 2020-04-21 12:34:52.400 [TestNG-tests-2] TC_LoginDDT_002 - *******************validating DDT login***********************************
[INFO ] 2020-04-21 12:34:52.413 [TestNG-tests-2] TC_LoginDDT_002 - ******************starting TC_LoginDDT_002***************************
[INFO ] 2020-04-21 12:34:52.630 [TestNG-tests-1] TC_LoginDDT_002 - ******************providing DDT login details************************
[INFO ] 2020-04-21 12:34:52.944 [TestNG-tests-1] TC_LoginDDT_002 - ******************clicking on DDT login*******************************
[INFO ] 2020-04-21 12:34:52.965 [TestNG-tests-2] TC_LoginDDT_002 - ******************providing DDT login details************************
[INFO ] 2020-04-21 12:34:53.075 [TestNG-tests-2] TC_LoginDDT_002 - ******************clicking on DDT login*******************************
[INFO ] 2020-04-21 12:34:58.320 [TestNG-tests-1] TC_LoginDDT_002 - *******************validating DDT login***********************************
[INFO ] 2020-04-21 12:34:58.559 [TestNG-tests-2] TC_LoginDDT_002 - *******************validating DDT login***********************************
[INFO ] 2020-04-21 12:35:09.160 [TestNG-tests-2] TC_AddCustomerTest_003 - ***************   TC_AddCustomerTest_003 statred  *********** 
[INFO ] 2020-04-21 12:35:09.421 [TestNG-tests-1] TC_AddCustomerTest_003 - ***************   TC_AddCustomerTest_003 statred  *********** 
[INFO ] 2020-04-21 12:35:11.594 [TestNG-tests-1] TC_AddCustomerTest_003 - ***************  Providing customer details  *********** 
[INFO ] 2020-04-21 12:35:11.681 [TestNG-tests-2] TC_AddCustomerTest_003 - ***************  Providing customer details  *********** 
[INFO ] 2020-04-21 12:35:21.097 [TestNG-tests-1] TC_AddCustomerTest_003 - ***************  Customer added succesfully *********** 
[INFO ] 2020-04-21 12:35:21.097 [TestNG-tests-1] TC_AddCustomerTest_003 - ***************   TC_AddCustomerTest_003 Finished  *********** 
[INFO ] 2020-04-21 12:35:21.342 [TestNG-tests-2] TC_AddCustomerTest_003 - ***************  Customer added succesfully *********** 
[INFO ] 2020-04-21 12:35:21.342 [TestNG-tests-2] TC_AddCustomerTest_003 - ***************   TC_AddCustomerTest_003 Finished  *********** 
[INFO ] 2020-04-21 12:52:58.240 [TestNG-tests-1] TC_LoginTest_001 - ************starting TC_LoginTest_001****************
[INFO ] 2020-04-21 12:52:59.822 [TestNG-tests-1] TC_LoginTest_001 - ********providing logging details*******
[INFO ] 2020-04-21 12:53:00.121 [TestNG-tests-1] TC_LoginTest_001 - ************clicking on the login button****************
[INFO ] 2020-04-21 12:53:02.982 [TestNG-tests-1] TC_LoginTest_001 - ************login validation****************
[INFO ] 2020-04-21 12:53:02.982 [TestNG-tests-1] TC_LoginTest_001 - ************login test passed****************
[INFO ] 2020-04-21 12:53:15.619 [TestNG-tests-1] TC_LoginDDT_002 - ******************starting TC_LoginDDT_002***************************
[INFO ] 2020-04-21 12:53:17.340 [TestNG-tests-1] TC_LoginDDT_002 - ******************providing DDT login details************************
[INFO ] 2020-04-21 12:53:17.847 [TestNG-tests-1] TC_LoginDDT_002 - ******************clicking on DDT login*******************************
[INFO ] 2020-04-21 12:53:25.755 [TestNG-tests-1] TC_LoginDDT_002 - *******************validating DDT login***********************************
[INFO ] 2020-04-21 12:53:25.770 [TestNG-tests-1] TC_LoginDDT_002 - ***************Test Passed***************
[INFO ] 2020-04-21 12:53:27.049 [TestNG-tests-1] TC_LoginDDT_002 - *********Finished DDT Test*************
[INFO ] 2020-04-21 12:53:27.057 [TestNG-tests-1] TC_LoginDDT_002 - ******************starting TC_LoginDDT_002***************************
[INFO ] 2020-04-21 12:53:27.704 [TestNG-tests-1] TC_LoginDDT_002 - ******************providing DDT login details************************
[INFO ] 2020-04-21 12:53:28.326 [TestNG-tests-1] TC_LoginDDT_002 - ******************clicking on DDT login*******************************
[INFO ] 2020-04-21 12:53:33.854 [TestNG-tests-1] TC_LoginDDT_002 - *******************validating DDT login***********************************
[INFO ] 2020-04-21 12:53:33.872 [TestNG-tests-1] TC_LoginDDT_002 - ******************starting TC_LoginDDT_002***************************
[INFO ] 2020-04-21 12:53:34.585 [TestNG-tests-1] TC_LoginDDT_002 - ******************providing DDT login details************************
[INFO ] 2020-04-21 12:53:35.174 [TestNG-tests-1] TC_LoginDDT_002 - ******************clicking on DDT login*******************************
[INFO ] 2020-04-21 12:53:40.577 [TestNG-tests-1] TC_LoginDDT_002 - *******************validating DDT login***********************************
[INFO ] 2020-04-21 12:53:40.595 [TestNG-tests-1] TC_LoginDDT_002 - ******************starting TC_LoginDDT_002***************************
[INFO ] 2020-04-21 12:53:41.188 [TestNG-tests-1] TC_LoginDDT_002 - ******************providing DDT login details************************
[INFO ] 2020-04-21 12:53:41.440 [TestNG-tests-1] TC_LoginDDT_002 - ******************clicking on DDT login*******************************
[INFO ] 2020-04-21 12:53:46.784 [TestNG-tests-1] TC_LoginDDT_002 - *******************validating DDT login***********************************
[INFO ] 2020-04-21 12:54:00.939 [TestNG-tests-1] TC_AddCustomerTest_003 - ***************   TC_AddCustomerTest_003 statred  *********** 
[INFO ] 2020-04-21 12:54:03.119 [TestNG-tests-1] TC_AddCustomerTest_003 - ***************  Providing customer details  *********** 
[INFO ] 2020-04-21 12:54:11.844 [TestNG-tests-1] TC_AddCustomerTest_003 - ***************  Customer added succesfully *********** 
[INFO ] 2020-04-21 12:54:11.844 [TestNG-tests-1] TC_AddCustomerTest_003 - ***************   TC_AddCustomerTest_003 Finished  *********** 
[INFO ] 2020-04-21 13:56:37.346 [TestNG-tests-1] TC_LoginTest_001 - ************starting TC_LoginTest_001****************
[INFO ] 2020-04-21 13:56:39.115 [TestNG-tests-1] TC_LoginTest_001 - ********providing logging details*******
[INFO ] 2020-04-21 13:56:39.407 [TestNG-tests-1] TC_LoginTest_001 - ************clicking on the login button****************
[INFO ] 2020-04-21 13:56:44.184 [TestNG-tests-1] TC_LoginTest_001 - ************login validation****************
[INFO ] 2020-04-21 13:56:44.184 [TestNG-tests-1] TC_LoginTest_001 - ************login test passed****************
[INFO ] 2020-04-21 14:15:28.150 [TestNG-tests-1] TC_LoginTest_001 - ************starting TC_LoginTest_001****************
[INFO ] 2020-04-21 14:15:29.561 [TestNG-tests-1] TC_LoginTest_001 - ********providing logging details*******
[INFO ] 2020-04-21 14:15:29.875 [TestNG-tests-1] TC_LoginTest_001 - ************clicking on the login button****************
[INFO ] 2020-04-21 14:15:32.639 [TestNG-tests-1] TC_LoginTest_001 - ************login validation****************
[INFO ] 2020-04-21 14:15:32.639 [TestNG-tests-1] TC_LoginTest_001 - ************login test passed****************
[INFO ] 2020-04-21 15:14:24.122 [TestNG-tests-1] TC_LoginTest_001 - ************starting TC_LoginTest_001****************
[INFO ] 2020-04-21 15:14:25.625 [TestNG-tests-1] TC_LoginTest_001 - ********providing logging details*******
[INFO ] 2020-04-21 15:14:25.933 [TestNG-tests-1] TC_LoginTest_001 - ************clicking on the login button****************
[INFO ] 2020-04-21 15:14:28.705 [TestNG-tests-1] TC_LoginTest_001 - ************login validation****************
[INFO ] 2020-04-21 15:14:28.706 [TestNG-tests-1] TC_LoginTest_001 - ************login test passed****************
